<!DOCTYPE suite SYSTEM "https://testng.org/testng-1.0.dtd" >

<suite name="Simple HTML-XML Suite">
   <!--
    <listeners>
        <listener class-name = "" />
    </listeners>
    -->
    <test name="Simple HTML-XML test">
        <classes>
            <class name="tests.TestSample01"></class>
        </classes>
    </test>
</suite>

